<?xml version="1.0" encoding="UTF-8" ?>
<testsuite tests="51" failures="0" name="org.apache.commons.lang3.math.NumberUtilsTest" time="0.028" errors="0" skipped="0">
  <properties>
[...]
</properties>
  <testcase classname="org.apache.commons.lang3.math.NumberUtilsTest" name="testConstructor" time="0.002"/>
  <testcase classname="org.apache.commons.lang3.math.NumberUtilsTest" name="testMaximumInt" time="0"/>
  <testcase classname="org.apache.commons.lang3.math.NumberUtilsTest" name="testMaximumShort" time="0"/>
  <testcase classname="org.apache.commons.lang3.math.NumberUtilsTest" name="testMaximumByte" time="0"/>
  <testcase classname="org.apache.commons.lang3.math.NumberUtilsTest" name="testMaximumDouble" time="0"/>
  <testcase classname="org.apache.commons.lang3.math.NumberUtilsTest" name="testMaximumFloat" time="0"/>
  <testcase classname="org.apache.commons.lang3.math.NumberUtilsTest" name="testCompareDouble" time="0"/>
  <testcase classname="org.apache.commons.lang3.math.NumberUtilsTest" name="testCompareFloat" time="0"/>
  <testcase classname="org.apache.commons.lang3.math.NumberUtilsTest" name="testIsDigits" time="0.002"/>
  <testcase classname="org.apache.commons.lang3.math.NumberUtilsTest" name="testIsNumber" time="0.002"/>
  <testcase classname="org.apache.commons.lang3.math.NumberUtilsTest" name="testLang300" time="0"/>
  <testcase classname="org.apache.commons.lang3.math.NumberUtilsTest" name="testLang381" time="0.001"/>
  <testcase classname="org.apache.commons.lang3.math.NumberUtilsTest" name="testStringToDoubleString" time="0.001"/>
  <testcase classname="org.apache.commons.lang3.math.NumberUtilsTest" name="testStringToDoubleStringD" time="0"/>
  <testcase classname="org.apache.commons.lang3.math.NumberUtilsTest" name="testConstants" time="0"/>
  <testcase classname="org.apache.commons.lang3.math.NumberUtilsTest" name="testCreateInteger" time="0"/>
  <testcase classname="org.apache.commons.lang3.math.NumberUtilsTest" name="testCreateBigInteger" time="0"/>
  <testcase classname="org.apache.commons.lang3.math.NumberUtilsTest" name="testCreateBigDecimal" time="0"/>
  <testcase classname="org.apache.commons.lang3.math.NumberUtilsTest" name="testMinLong" time="0"/>
  <testcase classname="org.apache.commons.lang3.math.NumberUtilsTest" name="testMinInt" time="0"/>
  <testcase classname="org.apache.commons.lang3.math.NumberUtilsTest" name="testMinShort" time="0.001"/>
  <testcase classname="org.apache.commons.lang3.math.NumberUtilsTest" name="testMinByte" time="0"/>
  <testcase classname="org.apache.commons.lang3.math.NumberUtilsTest" name="testMinDouble" time="0"/>
  <testcase classname="org.apache.commons.lang3.math.NumberUtilsTest" name="testMinFloat" time="0"/>
  <testcase classname="org.apache.commons.lang3.math.NumberUtilsTest" name="testMaxLong" time="0.001"/>
  <testcase classname="org.apache.commons.lang3.math.NumberUtilsTest" name="testMaxInt" time="0"/>
  <testcase classname="org.apache.commons.lang3.math.NumberUtilsTest" name="testMaxShort" time="0"/>
  <testcase classname="org.apache.commons.lang3.math.NumberUtilsTest" name="testMaxByte" time="0"/>
  <testcase classname="org.apache.commons.lang3.math.NumberUtilsTest" name="testMaxDouble" time="0"/>
  <testcase classname="org.apache.commons.lang3.math.NumberUtilsTest" name="testMaxFloat" time="0"/>
  <testcase classname="org.apache.commons.lang3.math.NumberUtilsTest" name="testMinimumLong" time="0"/>
  <testcase classname="org.apache.commons.lang3.math.NumberUtilsTest" name="testMinimumInt" time="0"/>
  <testcase classname="org.apache.commons.lang3.math.NumberUtilsTest" name="testMinimumShort" time="0"/>
  <testcase classname="org.apache.commons.lang3.math.NumberUtilsTest" name="testMinimumByte" time="0"/>
  <testcase classname="org.apache.commons.lang3.math.NumberUtilsTest" name="testMinimumDouble" time="0"/>
  <testcase classname="org.apache.commons.lang3.math.NumberUtilsTest" name="testMinimumFloat" time="0"/>
  <testcase classname="org.apache.commons.lang3.math.NumberUtilsTest" name="testMaximumLong" time="0"/>
  <testcase classname="org.apache.commons.lang3.math.NumberUtilsTest" name="testToIntString" time="0"/>
  <testcase classname="org.apache.commons.lang3.math.NumberUtilsTest" name="testToLongString" time="0"/>
  <testcase classname="org.apache.commons.lang3.math.NumberUtilsTest" name="testToIntStringI" time="0"/>
  <testcase classname="org.apache.commons.lang3.math.NumberUtilsTest" name="testToByteString" time="0"/>
  <testcase classname="org.apache.commons.lang3.math.NumberUtilsTest" name="testCreateNumber" time="0.001"/>
  <testcase classname="org.apache.commons.lang3.math.NumberUtilsTest" name="testToByteStringI" time="0"/>
  <testcase classname="org.apache.commons.lang3.math.NumberUtilsTest" name="testCreateFloat" time="0"/>
  <testcase classname="org.apache.commons.lang3.math.NumberUtilsTest" name="testCreateDouble" time="0"/>
  <testcase classname="org.apache.commons.lang3.math.NumberUtilsTest" name="testToFloatStringF" time="0"/>
  <testcase classname="org.apache.commons.lang3.math.NumberUtilsTest" name="testToFloatString" time="0"/>
  <testcase classname="org.apache.commons.lang3.math.NumberUtilsTest" name="testCreateLong" time="0"/>
  <testcase classname="org.apache.commons.lang3.math.NumberUtilsTest" name="testToShortString" time="0"/>
  <testcase classname="org.apache.commons.lang3.math.NumberUtilsTest" name="testToShortStringI" time="0"/>
  <testcase classname="org.apache.commons.lang3.math.NumberUtilsTest" name="testToLongStringL" time="0"/>
</testsuite>