<?xml version="1.0" encoding="UTF-8" ?>
<testsuite tests="32" failures="0" name="org.apache.commons.lang3.time.DateUtilsTest" time="0.037" errors="0" skipped="0">
  <properties>
[...]
</properties>
  <testcase classname="org.apache.commons.lang3.time.DateUtilsTest" name="testConstructor" time="0.002"/>
  <testcase classname="org.apache.commons.lang3.time.DateUtilsTest" name="testIsSameInstant_Cal" time="0.001"/>
  <testcase classname="org.apache.commons.lang3.time.DateUtilsTest" name="testSetDays" time="0"/>
  <testcase classname="org.apache.commons.lang3.time.DateUtilsTest" name="testSetHours" time="0.001"/>
  <testcase classname="org.apache.commons.lang3.time.DateUtilsTest" name="testSetMinutes" time="0"/>
  <testcase classname="org.apache.commons.lang3.time.DateUtilsTest" name="testSetSeconds" time="0.001"/>
  <testcase classname="org.apache.commons.lang3.time.DateUtilsTest" name="testSetMilliseconds" time="0"/>
  <testcase classname="org.apache.commons.lang3.time.DateUtilsTest" name="testRound" time="0.004"/>
  <testcase classname="org.apache.commons.lang3.time.DateUtilsTest" name="testRoundLang346" time="0.001"/>
  <testcase classname="org.apache.commons.lang3.time.DateUtilsTest" name="testTruncate" time="0.003"/>
  <testcase classname="org.apache.commons.lang3.time.DateUtilsTest" name="testTruncateLang59" time="0.002"/>
  <testcase classname="org.apache.commons.lang3.time.DateUtilsTest" name="testLang530" time="0.001"/>
  <testcase classname="org.apache.commons.lang3.time.DateUtilsTest" name="testCeil" time="0.003"/>
  <testcase classname="org.apache.commons.lang3.time.DateUtilsTest" name="testIteratorEx" time="0.001"/>
  <testcase classname="org.apache.commons.lang3.time.DateUtilsTest" name="testWeekIterator" time="0.004"/>
  <testcase classname="org.apache.commons.lang3.time.DateUtilsTest" name="testMonthIterator" time="0.003"/>
  <testcase classname="org.apache.commons.lang3.time.DateUtilsTest" name="testIsSameDay_Date" time="0"/>
  <testcase classname="org.apache.commons.lang3.time.DateUtilsTest" name="testIsSameLocalTime_Cal" time="0.001"/>
  <testcase classname="org.apache.commons.lang3.time.DateUtilsTest" name="testParseDate" time="0"/>
  <testcase classname="org.apache.commons.lang3.time.DateUtilsTest" name="testParseDateWithLeniency" time="0.001"/>
  <testcase classname="org.apache.commons.lang3.time.DateUtilsTest" name="testAddYears" time="0.001"/>
  <testcase classname="org.apache.commons.lang3.time.DateUtilsTest" name="testAddMonths" time="0"/>
  <testcase classname="org.apache.commons.lang3.time.DateUtilsTest" name="testAddWeeks" time="0.001"/>
  <testcase classname="org.apache.commons.lang3.time.DateUtilsTest" name="testAddDays" time="0"/>
  <testcase classname="org.apache.commons.lang3.time.DateUtilsTest" name="testAddHours" time="0.001"/>
  <testcase classname="org.apache.commons.lang3.time.DateUtilsTest" name="testAddMinutes" time="0"/>
  <testcase classname="org.apache.commons.lang3.time.DateUtilsTest" name="testAddSeconds" time="0.001"/>
  <testcase classname="org.apache.commons.lang3.time.DateUtilsTest" name="testAddMilliseconds" time="0"/>
  <testcase classname="org.apache.commons.lang3.time.DateUtilsTest" name="testSetYears" time="0.001"/>
  <testcase classname="org.apache.commons.lang3.time.DateUtilsTest" name="testSetMonths" time="0"/>
  <testcase classname="org.apache.commons.lang3.time.DateUtilsTest" name="testIsSameInstant_Date" time="0.001"/>
  <testcase classname="org.apache.commons.lang3.time.DateUtilsTest" name="testIsSameDay_Cal" time="0"/>
</testsuite>